Determining if the function sgemm_ exists failed with the following output:
Change Dir: /home/pcuser/git2/gchmc/gmolmodel/molmodel_legacy/simbody/cmake-build-debug/CMakeFiles/CMakeTmp

Run Build Command(s):/usr/bin/make cmTC_79081/fast 
/usr/bin/make -f CMakeFiles/cmTC_79081.dir/build.make CMakeFiles/cmTC_79081.dir/build
make[1]: Entering directory '/home/pcuser/git2/gchmc/gmolmodel/molmodel_legacy/simbody/cmake-build-debug/CMakeFiles/CMakeTmp'
Building C object CMakeFiles/cmTC_79081.dir/CheckFunctionExists.c.o
/usr/bin/cc   -DCHECK_FUNCTION_EXISTS=sgemm_   -o CMakeFiles/cmTC_79081.dir/CheckFunctionExists.c.o   -c /home/pcuser/Installers/clion-2019.1.1/bin/cmake/linux/share/cmake-3.14/Modules/CheckFunctionExists.c
Linking C executable cmTC_79081
/home/pcuser/Installers/clion-2019.1.1/bin/cmake/linux/bin/cmake -E cmake_link_script CMakeFiles/cmTC_79081.dir/link.txt --verbose=1
/usr/bin/cc  -DCHECK_FUNCTION_EXISTS=sgemm_    -rdynamic CMakeFiles/cmTC_79081.dir/CheckFunctionExists.c.o  -o cmTC_79081 
CMakeFiles/cmTC_79081.dir/CheckFunctionExists.c.o: In function `main':
CheckFunctionExists.c:(.text+0x10): undefined reference to `sgemm_'
collect2: error: ld returned 1 exit status
CMakeFiles/cmTC_79081.dir/build.make:86: recipe for target 'cmTC_79081' failed
make[1]: *** [cmTC_79081] Error 1
make[1]: Leaving directory '/home/pcuser/git2/gchmc/gmolmodel/molmodel_legacy/simbody/cmake-build-debug/CMakeFiles/CMakeTmp'
Makefile:121: recipe for target 'cmTC_79081/fast' failed
make: *** [cmTC_79081/fast] Error 2


Determining if the pthread_create exist failed with the following output:
Change Dir: /home/pcuser/git2/gchmc/gmolmodel/molmodel_legacy/simbody/cmake-build-debug/CMakeFiles/CMakeTmp

Run Build Command(s):/usr/bin/make cmTC_a2686/fast 
/usr/bin/make -f CMakeFiles/cmTC_a2686.dir/build.make CMakeFiles/cmTC_a2686.dir/build
make[1]: Entering directory '/home/pcuser/git2/gchmc/gmolmodel/molmodel_legacy/simbody/cmake-build-debug/CMakeFiles/CMakeTmp'
Building C object CMakeFiles/cmTC_a2686.dir/CheckSymbolExists.c.o
/usr/bin/cc    -o CMakeFiles/cmTC_a2686.dir/CheckSymbolExists.c.o   -c /home/pcuser/git2/gchmc/gmolmodel/molmodel_legacy/simbody/cmake-build-debug/CMakeFiles/CMakeTmp/CheckSymbolExists.c
Linking C executable cmTC_a2686
/home/pcuser/Installers/clion-2019.1.1/bin/cmake/linux/bin/cmake -E cmake_link_script CMakeFiles/cmTC_a2686.dir/link.txt --verbose=1
/usr/bin/cc      -rdynamic CMakeFiles/cmTC_a2686.dir/CheckSymbolExists.c.o  -o cmTC_a2686 
CMakeFiles/cmTC_a2686.dir/CheckSymbolExists.c.o: In function `main':
CheckSymbolExists.c:(.text+0x16): undefined reference to `pthread_create'
collect2: error: ld returned 1 exit status
CMakeFiles/cmTC_a2686.dir/build.make:86: recipe for target 'cmTC_a2686' failed
make[1]: *** [cmTC_a2686] Error 1
make[1]: Leaving directory '/home/pcuser/git2/gchmc/gmolmodel/molmodel_legacy/simbody/cmake-build-debug/CMakeFiles/CMakeTmp'
Makefile:121: recipe for target 'cmTC_a2686/fast' failed
make: *** [cmTC_a2686/fast] Error 2

File /home/pcuser/git2/gchmc/gmolmodel/molmodel_legacy/simbody/cmake-build-debug/CMakeFiles/CMakeTmp/CheckSymbolExists.c:
/* */
#include <pthread.h>

int main(int argc, char** argv)
{
  (void)argv;
#ifndef pthread_create
  return ((int*)(&pthread_create))[argc];
#else
  (void)argc;
  return 0;
#endif
}

Determining if the function pthread_create exists in the pthreads failed with the following output:
Change Dir: /home/pcuser/git2/gchmc/gmolmodel/molmodel_legacy/simbody/cmake-build-debug/CMakeFiles/CMakeTmp

Run Build Command(s):/usr/bin/make cmTC_f299d/fast 
/usr/bin/make -f CMakeFiles/cmTC_f299d.dir/build.make CMakeFiles/cmTC_f299d.dir/build
make[1]: Entering directory '/home/pcuser/git2/gchmc/gmolmodel/molmodel_legacy/simbody/cmake-build-debug/CMakeFiles/CMakeTmp'
Building C object CMakeFiles/cmTC_f299d.dir/CheckFunctionExists.c.o
/usr/bin/cc   -DCHECK_FUNCTION_EXISTS=pthread_create   -o CMakeFiles/cmTC_f299d.dir/CheckFunctionExists.c.o   -c /home/pcuser/Installers/clion-2019.1.1/bin/cmake/linux/share/cmake-3.14/Modules/CheckFunctionExists.c
Linking C executable cmTC_f299d
/home/pcuser/Installers/clion-2019.1.1/bin/cmake/linux/bin/cmake -E cmake_link_script CMakeFiles/cmTC_f299d.dir/link.txt --verbose=1
/usr/bin/cc  -DCHECK_FUNCTION_EXISTS=pthread_create    -rdynamic CMakeFiles/cmTC_f299d.dir/CheckFunctionExists.c.o  -o cmTC_f299d -lpthreads 
/usr/bin/ld: cannot find -lpthreads
collect2: error: ld returned 1 exit status
CMakeFiles/cmTC_f299d.dir/build.make:86: recipe for target 'cmTC_f299d' failed
make[1]: *** [cmTC_f299d] Error 1
make[1]: Leaving directory '/home/pcuser/git2/gchmc/gmolmodel/molmodel_legacy/simbody/cmake-build-debug/CMakeFiles/CMakeTmp'
Makefile:121: recipe for target 'cmTC_f299d/fast' failed
make: *** [cmTC_f299d/fast] Error 2


Determining if the function cheev_ exists failed with the following output:
Change Dir: /home/pcuser/git2/gchmc/gmolmodel/molmodel_legacy/simbody/cmake-build-debug/CMakeFiles/CMakeTmp

Run Build Command(s):/usr/bin/make cmTC_3c8bd/fast 
/usr/bin/make -f CMakeFiles/cmTC_3c8bd.dir/build.make CMakeFiles/cmTC_3c8bd.dir/build
make[1]: Entering directory '/home/pcuser/git2/gchmc/gmolmodel/molmodel_legacy/simbody/cmake-build-debug/CMakeFiles/CMakeTmp'
Building C object CMakeFiles/cmTC_3c8bd.dir/CheckFunctionExists.c.o
/usr/bin/cc   -DCHECK_FUNCTION_EXISTS=cheev_   -o CMakeFiles/cmTC_3c8bd.dir/CheckFunctionExists.c.o   -c /home/pcuser/Installers/clion-2019.1.1/bin/cmake/linux/share/cmake-3.14/Modules/CheckFunctionExists.c
Linking C executable cmTC_3c8bd
/home/pcuser/Installers/clion-2019.1.1/bin/cmake/linux/bin/cmake -E cmake_link_script CMakeFiles/cmTC_3c8bd.dir/link.txt --verbose=1
/usr/bin/cc  -DCHECK_FUNCTION_EXISTS=cheev_    -rdynamic CMakeFiles/cmTC_3c8bd.dir/CheckFunctionExists.c.o  -o cmTC_3c8bd /usr/lib/libblas.so 
CMakeFiles/cmTC_3c8bd.dir/CheckFunctionExists.c.o: In function `main':
CheckFunctionExists.c:(.text+0x10): undefined reference to `cheev_'
collect2: error: ld returned 1 exit status
CMakeFiles/cmTC_3c8bd.dir/build.make:87: recipe for target 'cmTC_3c8bd' failed
make[1]: *** [cmTC_3c8bd] Error 1
make[1]: Leaving directory '/home/pcuser/git2/gchmc/gmolmodel/molmodel_legacy/simbody/cmake-build-debug/CMakeFiles/CMakeTmp'
Makefile:121: recipe for target 'cmTC_3c8bd/fast' failed
make: *** [cmTC_3c8bd/fast] Error 2


